[    0.000000] Linux version 4.15.0-212-generic (buildd@lcy02-amd64-083) (gcc version 7.5.0 (Ubuntu 7.5.0-3ubuntu1~18.04)) #223-Ubuntu SMP Tue May 23 13:09:22 UTC 2023 (Ubuntu 4.15.0-212.223-generic 4.15.18)
[    0.000000] Command line: BOOT_IMAGE=/boot/vmlinuz-4.15.0-212-generic root=LABEL=cloudimg-rootfs ro console=tty1 console=ttyS0
[    0.000000] KERNEL supported cpus:
[    0.000000]   Intel GenuineIntel
[    0.000000]   AMD AuthenticAMD
[    0.000000]   Centaur CentaurHauls
[    0.000000] [Firmware Bug]: TSC doesn't count with P0 frequency!
[    0.000000] x86/fpu: x87 FPU will use FXSAVE
[    0.000000] e820: BIOS-provided physical RAM map:
[    0.000000] BIOS-e820: [mem 0x0000000000000000-0x000000000009fbff] usable
[    0.000000] BIOS-e820: [mem 0x000000000009fc00-0x000000000009ffff] reserved
[    0.000000] BIOS-e820: [mem 0x00000000000f0000-0x00000000000fffff] reserved
[    0.000000] BIOS-e820: [mem 0x0000000000100000-0x000000003ffeffff] usable
[    0.000000] BIOS-e820: [mem 0x000000003fff0000-0x000000003fffffff] ACPI data
[    0.000000] BIOS-e820: [mem 0x00000000fec00000-0x00000000fec00fff] reserved
[    0.000000] BIOS-e820: [mem 0x00000000fee00000-0x00000000fee00fff] reserved
[    0.000000] BIOS-e820: [mem 0x00000000fffc0000-0x00000000ffffffff] reserved
[    0.000000] NX (Execute Disable) protection: active
[    0.000000] SMBIOS 2.5 present.
[    0.000000] DMI: innotek GmbH VirtualBox/VirtualBox, BIOS VirtualBox 12/01/2006
[    0.000000] Hypervisor detected: KVM
[    0.000000] e820: last_pfn = 0x3fff0 max_arch_pfn = 0x400000000
[    0.000000] x86/PAT: Configuration [0-7]: WB  WC  UC- UC  WB  WP  UC- WT  
[    0.000000] CPU MTRRs all blank - virtualized system.
[    0.000000] found SMP MP-table at [mem 0x0009fbf0-0x0009fbff]
[    0.000000] Scanning 1 areas for low memory corruption
[    0.000000] RAMDISK: [mem 0x359cb000-0x36cdcfff]
[    0.000000] ACPI: Early table checksum verification disabled
[    0.000000] ACPI: RSDP 0x00000000000E0000 000024 (v02 VBOX  )
[    0.000000] ACPI: XSDT 0x000000003FFF0030 00003C (v01 VBOX   VBOXXSDT 00000001 ASL  00000061)
[    0.000000] ACPI: FACP 0x000000003FFF00F0 0000F4 (v04 VBOX   VBOXFACP 00000001 ASL  00000061)
[    0.000000] ACPI: DSDT 0x000000003FFF0610 002353 (v02 VBOX   VBOXBIOS 00000002 INTL 20100528)
[    0.000000] ACPI: FACS 0x000000003FFF0200 000040
[    0.000000] ACPI: FACS 0x000000003FFF0200 000040
[    0.000000] ACPI: APIC 0x000000003FFF0240 00005C (v02 VBOX   VBOXAPIC 00000001 ASL  00000061)
[    0.000000] ACPI: SSDT 0x000000003FFF02A0 00036C (v01 VBOX   VBOXCPUT 00000002 INTL 20100528)
[    0.000000] ACPI: Reserving FACP table memory at [mem 0x3fff00f0-0x3fff01e3]
[    0.000000] ACPI: Reserving DSDT table memory at [mem 0x3fff0610-0x3fff2962]
[    0.000000] ACPI: Reserving FACS table memory at [mem 0x3fff0200-0x3fff023f]
[    0.000000] ACPI: Reserving FACS table memory at [mem 0x3fff0200-0x3fff023f]
[    0.000000] ACPI: Reserving APIC table memory at [mem 0x3fff0240-0x3fff029b]
[    0.000000] ACPI: Reserving SSDT table memory at [mem 0x3fff02a0-0x3fff060b]
[    0.000000] No NUMA configuration found
[    0.000000] Faking a node at [mem 0x0000000000000000-0x000000003ffeffff]
[    0.000000] NODE_DATA(0) allocated [mem 0x3ffc5000-0x3ffeffff]
[    0.000000] kvm-clock: cpu 0, msr 0:3ff44001, primary cpu clock
[    0.000000] kvm-clock: Using msrs 4b564d01 and 4b564d00
[    0.000000] kvm-clock: using sched offset of 3564732204 cycles
[    0.000000] clocksource: kvm-clock: mask: 0xffffffffffffffff max_cycles: 0x1cd42e4dffb, max_idle_ns: 881590591483 ns
[    0.000000] Zone ranges:
[    0.000000]   DMA      [mem 0x0000000000001000-0x0000000000ffffff]
[    0.000000]   DMA32    [mem 0x0000000001000000-0x000000003ffeffff]
[    0.000000]   Normal   empty
[    0.000000]   Device   empty
[    0.000000] Movable zone start for each node
[    0.000000] Early memory node ranges
[    0.000000]   node   0: [mem 0x0000000000001000-0x000000000009efff]
[    0.000000]   node   0: [mem 0x0000000000100000-0x000000003ffeffff]
[    0.000000] Reserved but unavailable: 104 pages
[    0.000000] Initmem setup node 0 [mem 0x0000000000001000-0x000000003ffeffff]
[    0.000000] ACPI: PM-Timer IO Port: 0x4008
[    0.000000] IOAPIC[0]: apic_id 2, version 32, address 0xfec00000, GSI 0-23
[    0.000000] ACPI: INT_SRC_OVR (bus 0 bus_irq 0 global_irq 2 dfl dfl)
[    0.000000] ACPI: INT_SRC_OVR (bus 0 bus_irq 9 global_irq 9 low level)
[    0.000000] Using ACPI (MADT) for SMP configuration information
[    0.000000] smpboot: Allowing 2 CPUs, 0 hotplug CPUs
[    0.000000] PM: Registered nosave memory: [mem 0x00000000-0x00000fff]
[    0.000000] PM: Registered nosave memory: [mem 0x0009f000-0x0009ffff]
[    0.000000] PM: Registered nosave memory: [mem 0x000a0000-0x000effff]
[    0.000000] PM: Registered nosave memory: [mem 0x000f0000-0x000fffff]
[    0.000000] e820: [mem 0x40000000-0xfebfffff] available for PCI devices
[    0.000000] Booting paravirtualized kernel on KVM
[    0.000000] clocksource: refined-jiffies: mask: 0xffffffff max_cycles: 0xffffffff, max_idle_ns: 7645519600211568 ns
[    0.000000] setup_percpu: NR_CPUS:8192 nr_cpumask_bits:2 nr_cpu_ids:2 nr_node_ids:1
[    0.000000] percpu: Embedded 50 pages/cpu s167936 r8192 d28672 u1048576
[    0.000000] PV qspinlock hash table entries: 256 (order: 0, 4096 bytes)
[    0.000000] Built 1 zonelists, mobility grouping on.  Total pages: 257913
[    0.000000] Policy zone: DMA32
[    0.000000] Kernel command line: BOOT_IMAGE=/boot/vmlinuz-4.15.0-212-generic root=LABEL=cloudimg-rootfs ro console=tty1 console=ttyS0
[    0.000000] Memory: 982644K/1048120K available (12300K kernel code, 2477K rwdata, 4324K rodata, 2480K init, 2720K bss, 65476K reserved, 0K cma-reserved)
[    0.000000] SLUB: HWalign=64, Order=0-3, MinObjects=0, CPUs=2, Nodes=1
[    0.000000] ftrace: allocating 39508 entries in 155 pages
[    0.004000] Hierarchical RCU implementation.
[    0.004000] 	RCU restricting CPUs from NR_CPUS=8192 to nr_cpu_ids=2.
[    0.004000] 	Tasks RCU enabled.
[    0.004000] RCU: Adjusting geometry for rcu_fanout_leaf=16, nr_cpu_ids=2
[    0.004000] NR_IRQS: 524544, nr_irqs: 440, preallocated irqs: 16
[    0.004000] random: crng init done
[    0.004000] Console: colour VGA+ 80x25
[    0.004000] console [tty1] enabled
[    0.004000] console [ttyS0] enabled
[    0.004000] ACPI: Core revision 20170831
[    0.004000] ACPI: 2 ACPI AML tables successfully acquired and loaded
[    0.004000] APIC: Switch to symmetric I/O mode setup
[    0.004000] ..TIMER: vector=0x30 apic1=0 pin1=2 apic2=-1 pin2=-1
[    0.004002] tsc: Detected 4192.020 MHz processor
[    0.008003] Calibrating delay loop (skipped) preset value.. 8384.04 BogoMIPS (lpj=16768080)
[    0.012002] pid_max: default: 32768 minimum: 301
[    0.016063] Security Framework initialized
[    0.020002] Yama: becoming mindful.
[    0.022481] AppArmor: AppArmor initialized
[    0.028912] Dentry cache hash table entries: 131072 (order: 8, 1048576 bytes)
[    0.033799] Inode-cache hash table entries: 65536 (order: 7, 524288 bytes)
[    0.036063] Mount-cache hash table entries: 2048 (order: 2, 16384 bytes)
[    0.040064] Mountpoint-cache hash table entries: 2048 (order: 2, 16384 bytes)
[    0.049225] Last level iTLB entries: 4KB 512, 2MB 512, 4MB 256
[    0.052002] Last level dTLB entries: 4KB 3072, 2MB 3072, 4MB 1536, 1GB 0
[    0.056002] Spectre V1 : Mitigation: usercopy/swapgs barriers and __user pointer sanitization
[    0.060002] Spectre V2 : Mitigation: Retpolines
[    0.064001] Spectre V2 : Spectre v2 / SpectreRSB mitigation: Filling RSB on context switch
[    0.068001] Spectre V2 : Spectre v2 / SpectreRSB : Filling RSB on VMEXIT
[    0.072103] Freeing SMP alternatives memory: 36K
[    0.190030] APIC calibration not consistent with PM-Timer: 101ms instead of 100ms
[    0.192000] APIC delta adjusted to PM-Timer: 6274866 (6382885)
[    0.192281] smpboot: CPU0: AMD Ryzen 7 7800X3D 8-Core Processor (family: 0x19, model: 0x61, stepping: 0x2)
[    0.196367] Performance Events: PMU not available due to virtualization, using software events only.
[    0.200099] Hierarchical SRCU implementation.
[    0.204560] NMI watchdog: Perf event create on CPU 0 failed with -2
[    0.208001] NMI watchdog: Perf NMI watchdog permanently disabled
[    0.212305] smp: Bringing up secondary CPUs ...
[    0.216515] x86: Booting SMP configuration:
[    0.219477] .... node  #0, CPUs:      #1
[    0.004000] kvm-clock: cpu 1, msr 0:3ff44041, secondary cpu clock
[    0.228000] TSC synchronization [CPU#0 -> CPU#1]:
[    0.228000] Measured 67891 cycles TSC warp between CPUs, turning off TSC clock.
[    0.228000] tsc: Marking TSC unstable due to check_tsc_sync_source failed
[    0.232173] smp: Brought up 1 node, 2 CPUs
[    0.234914] smpboot: Max logical packages: 1
[    0.236003] smpboot: Total of 2 processors activated (16768.08 BogoMIPS)
[    0.244052] devtmpfs: initialized
[    0.246852] x86/mm: Memory block size: 128MB
[    0.248414] evm: security.selinux
[    0.252002] evm: security.SMACK64
[    0.256001] evm: security.SMACK64EXEC
[    0.260001] evm: security.SMACK64TRANSMUTE
[    0.262846] evm: security.SMACK64MMAP
[    0.264001] evm: security.apparmor
[    0.268001] evm: security.ima
[    0.272001] evm: security.capability
[    0.276262] clocksource: jiffies: mask: 0xffffffff max_cycles: 0xffffffff, max_idle_ns: 7645041785100000 ns
[    0.284005] futex hash table entries: 512 (order: 3, 32768 bytes)
[    0.288328] pinctrl core: initialized pinctrl subsystem
[    0.292318] RTC time: 21:18:20, date: 02/22/25
[    0.300591] NET: Registered protocol family 16
[    0.304088] audit: initializing netlink subsys (disabled)
[    0.308268] audit: type=2000 audit(1740259105.295:1): state=initialized audit_enabled=0 res=1
[    0.312174] cpuidle: using governor ladder
[    0.316147] cpuidle: using governor menu
[    0.322005] ACPI: bus type PCI registered
[    0.324002] acpiphp: ACPI Hot Plug PCI Controller Driver version: 0.5
[    0.328433] PCI: Using configuration type 1 for base access
[    0.336001] PCI: Using configuration type 1 for extended access
[    0.341153] HugeTLB registered 2.00 MiB page size, pre-allocated 0 pages
[    0.348478] ACPI: Added _OSI(Module Device)
[    0.352002] ACPI: Added _OSI(Processor Device)
[    0.354748] ACPI: Added _OSI(3.0 _SCP Extensions)
[    0.356002] ACPI: Added _OSI(Processor Aggregator Device)
[    0.360002] ACPI: Added _OSI(Linux-Dell-Video)
[    0.362767] ACPI: Added _OSI(Linux-Lenovo-NV-HDMI-Audio)
[    0.364002] ACPI: Added _OSI(Linux-HPI-Hybrid-Graphics)
[    0.368579] ACPI: Executed 1 blocks of module-level executable AML code
[    0.375420] ACPI: Interpreter enabled
[    0.376008] ACPI: (supports S0 S5)
[    0.378154] ACPI: Using IOAPIC for interrupt routing
[    0.380328] PCI: Using host bridge windows from ACPI; if necessary, use "pci=nocrs" and report a bug
[    0.384167] ACPI: Enabled 2 GPEs in block 00 to 07
[    0.396189] ACPI: PCI Root Bridge [PCI0] (domain 0000 [bus 00-ff])
[    0.400005] acpi PNP0A03:00: _OSC: OS supports [ExtendedConfig ASPM ClockPM Segments MSI]
[    0.405286] acpi PNP0A03:00: _OSC: platform does not support [PCIeCapability]
[    0.408637] acpi PNP0A03:00: _OSC: not requesting control; platform does not support [PCIeCapability]
[    0.412002] acpi PNP0A03:00: _OSC: OS requested [PCIeHotplug PME AER PCIeCapability]
[    0.416002] acpi PNP0A03:00: _OSC: platform willing to grant [PCIeHotplug PME AER]
[    0.420002] acpi PNP0A03:00: _OSC failed (AE_SUPPORT); disabling ASPM
[    0.424582] PCI host bridge to bus 0000:00
[    0.428002] pci_bus 0000:00: root bus resource [io  0x0000-0x0cf7 window]
[    0.432002] pci_bus 0000:00: root bus resource [io  0x0d00-0xffff window]
[    0.436002] pci_bus 0000:00: root bus resource [mem 0x000a0000-0x000bffff window]
[    0.440002] pci_bus 0000:00: root bus resource [mem 0x40000000-0xfdffffff window]
[    0.444002] pci_bus 0000:00: root bus resource [bus 00-ff]
[    0.454575] pci 0000:00:01.1: legacy IDE quirk: reg 0x10: [io  0x01f0-0x01f7]
[    0.456002] pci 0000:00:01.1: legacy IDE quirk: reg 0x14: [io  0x03f6]
[    0.460002] pci 0000:00:01.1: legacy IDE quirk: reg 0x18: [io  0x0170-0x0177]
[    0.464002] pci 0000:00:01.1: legacy IDE quirk: reg 0x1c: [io  0x0376]
[    0.485145] pci 0000:00:07.0: quirk: [io  0x4000-0x403f] claimed by PIIX4 ACPI
[    0.488027] pci 0000:00:07.0: quirk: [io  0x4100-0x410f] claimed by PIIX4 SMB
[    0.498963] ACPI: PCI Interrupt Link [LNKA] (IRQs 5 9 10 *11)
[    0.500446] ACPI: PCI Interrupt Link [LNKB] (IRQs 5 9 *10 11)
[    0.504168] ACPI: PCI Interrupt Link [LNKC] (IRQs 5 *9 10 11)
[    0.508167] ACPI: PCI Interrupt Link [LNKD] (IRQs 5 9 10 *11)
[    0.512527] SCSI subsystem initialized
[    0.516183] pci 0000:00:02.0: vgaarb: setting as boot VGA device
[    0.519804] pci 0000:00:02.0: vgaarb: VGA device added: decodes=io+mem,owns=io+mem,locks=none
[    0.520002] pci 0000:00:02.0: vgaarb: bridge control possible
[    0.524001] vgaarb: loaded
[    0.525900] ACPI: bus type USB registered
[    0.528048] usbcore: registered new interface driver usbfs
[    0.531417] usbcore: registered new interface driver hub
[    0.532007] usbcore: registered new device driver usb
[    0.536179] EDAC MC: Ver: 3.0.0
[    0.540551] PCI: Using ACPI for IRQ routing
[    0.544586] NetLabel: Initializing
[    0.548001] NetLabel:  domain hash size = 128
[    0.550715] NetLabel:  protocols = UNLABELED CIPSOv4 CALIPSO
[    0.552040] NetLabel:  unlabeled traffic allowed by default
[    0.556294] clocksource: Switched to clocksource kvm-clock
[    0.595555] VFS: Disk quotas dquot_6.6.0
[    0.598582] VFS: Dquot-cache hash table entries: 512 (order 0, 4096 bytes)
[    0.603458] AppArmor: AppArmor Filesystem Enabled
[    0.606874] pnp: PnP ACPI init
[    0.610624] pnp: PnP ACPI: found 3 devices
[    0.641355] clocksource: acpi_pm: mask: 0xffffff max_cycles: 0xffffff, max_idle_ns: 2085701024 ns
[    0.647157] NET: Registered protocol family 2
[    0.650846] IP idents hash table entries: 16384 (order: 5, 131072 bytes)
[    0.655440] TCP established hash table entries: 8192 (order: 4, 65536 bytes)
[    0.660289] TCP bind hash table entries: 8192 (order: 5, 131072 bytes)
[    0.665066] TCP: Hash tables configured (established 8192 bind 8192)
[    0.669768] UDP hash table entries: 512 (order: 2, 16384 bytes)
[    0.673749] UDP-Lite hash table entries: 512 (order: 2, 16384 bytes)
[    0.678022] NET: Registered protocol family 1
[    0.681102] pci 0000:00:00.0: Limiting direct PCI/PCI transfers
[    0.685142] pci 0000:00:01.0: Activating ISA DMA hang workarounds
[    0.689330] pci 0000:00:02.0: Video device with shadowed ROM at [mem 0x000c0000-0x000dffff]
[    0.694932] Unpacking initramfs...
[    0.992018] Freeing initrd memory: 19528K
[    1.036317] clocksource: tsc: mask: 0xffffffffffffffff max_cycles: 0x3c6cef71917, max_idle_ns: 440795355979 ns
[    1.042743] platform rtc_cmos: registered platform RTC device (no PNP device found)
[    1.047794] Scanning for low memory corruption every 60 seconds
[    1.053094] Initialise system trusted keyrings
[    1.056247] Key type blacklist registered
[    1.059351] workingset: timestamp_bits=36 max_order=18 bucket_order=0
[    1.065700] zbud: loaded
[    1.068920] squashfs: version 4.0 (2009/01/31) Phillip Lougher
[    1.073604] fuse init (API version 7.26)
[    1.096513] Key type asymmetric registered
[    1.099057] Asymmetric key parser 'x509' registered
[    1.102231] Block layer SCSI generic (bsg) driver version 0.4 loaded (major 246)
[    1.107185] io scheduler noop registered
[    1.109785] io scheduler deadline registered
[    1.112536] io scheduler cfq registered (default)
[    1.116239] ACPI: AC Adapter [AC] (on-line)
[    1.119351] input: Power Button as /devices/LNXSYSTM:00/LNXPWRBN:00/input/input0
[    1.124488] ACPI: Power Button [PWRF]
[    1.127288] input: Sleep Button as /devices/LNXSYSTM:00/LNXSLPBN:00/input/input1
[    1.132197] ACPI: Sleep Button [SLPF]
[    1.135820] Serial: 8250/16550 driver, 32 ports, IRQ sharing enabled
[    1.166140] 00:02: ttyS0 at I/O 0x3f8 (irq = 4, base_baud = 115200) is a 16550A
[    1.184108] Linux agpgart interface v0.103
[    1.195423] loop: module loaded
[    1.200186] scsi host0: ata_piix
[    1.203336] scsi host1: ata_piix
[    1.205911] ata1: PATA max UDMA/33 cmd 0x1f0 ctl 0x3f6 bmdma 0xd000 irq 14
[    1.210387] ata2: PATA max UDMA/33 cmd 0x170 ctl 0x376 bmdma 0xd008 irq 15
[    1.214996] tun: Universal TUN/TAP device driver, 1.6
[    1.218962] PPP generic driver version 2.4.2
[    1.222260] ehci_hcd: USB 2.0 'Enhanced' Host Controller (EHCI) Driver
[    1.226705] ehci-pci: EHCI PCI platform driver
[    1.229853] ehci-platform: EHCI generic platform driver
[    1.233398] ohci_hcd: USB 1.1 'Open' Host Controller (OHCI) Driver
[    1.237505] ohci-pci: OHCI PCI platform driver
[    1.240674] ohci-platform: OHCI generic platform driver
[    1.244193] uhci_hcd: USB Universal Host Controller Interface driver
[    1.248389] i8042: PNP: PS/2 Controller [PNP0303:PS2K,PNP0f03:PS2M] at 0x60,0x64 irq 1,12
[    1.255946] serio: i8042 KBD port at 0x60,0x64 irq 1
[    1.259424] serio: i8042 AUX port at 0x60,0x64 irq 12
[    1.263622] mousedev: PS/2 mouse device common for all mice
[    1.268945] input: AT Translated Set 2 keyboard as /devices/platform/i8042/serio0/input/input2
[    1.273319] rtc_cmos rtc_cmos: rtc core: registered rtc_cmos as rtc0
[    1.279086] rtc_cmos rtc_cmos: alarms up to one day, 114 bytes nvram
[    1.283082] i2c /dev entries driver
[    1.285421] device-mapper: uevent: version 1.0.3
[    1.288556] device-mapper: ioctl: 4.37.0-ioctl (2017-09-20) initialised: dm-devel@redhat.com
[    1.293971] ledtrig-cpu: registered to indicate activity on CPUs
[    1.299199] NET: Registered protocol family 10
[    1.310621] Segment Routing with IPv6
[    1.313021] NET: Registered protocol family 17
[    1.316148] Key type dns_resolver registered
[    1.319860] mce: Using 0 MCE banks
[    1.322431] RAS: Correctable Errors collector initialized.
[    1.326189] sched_clock: Marking stable (1326122240, 0)->(1792980458, -466858218)
[    1.333366] registered taskstats version 1
[    1.336329] Loading compiled-in X.509 certificates
[    1.342652] Loaded X.509 cert 'Build time autogenerated kernel key: b5b26778eaa3ab3a4a6cee031137706e947d12ad'
[    1.349259] Loaded X.509 cert 'Canonical Ltd. Live Patch Signing: 14df34d1a87cf37625abec039ef2bf521249b969'
[    1.355679] Loaded X.509 cert 'Canonical Ltd. Kernel Module Signing: 88f752e560a1e0737e31163a466ad7b70a850c19'
[    1.362133] blacklist: Loading compiled-in revocation X.509 certificates
[    1.366532] Loaded X.509 cert 'Canonical Ltd. Secure Boot Signing: 61482aa2830d0ab2ad5af10b7250da9033ddcef0'
[    1.372803] Loaded X.509 cert 'Canonical Ltd. Secure Boot Signing (2017): 242ade75ac4a15e50d50c84b0d45ff3eae707a03'
[    1.379452] Loaded X.509 cert 'Canonical Ltd. Secure Boot Signing (ESM 2018): 365188c1d374d6b07c3c8f240f8ef722433d6a8b'
[    1.386469] Loaded X.509 cert 'Canonical Ltd. Secure Boot Signing (2019): c0746fd6c5da3ae827864651ad66ae47fe24b3e8'
[    1.393164] Loaded X.509 cert 'Canonical Ltd. Secure Boot Signing (2021 v1): a8d54bbb3825cfb94fa13c9f8a594a195c107b8d'
[    1.399994] Loaded X.509 cert 'Canonical Ltd. Secure Boot Signing (2021 v2): 4cf046892d6fd3c9a5b03f98d845f90851dc6a8c'
[    1.406919] Loaded X.509 cert 'Canonical Ltd. Secure Boot Signing (2021 v3): 100437bb6de6e469b581e61cd66bce3ef4ed53af'
[    1.413733] Loaded X.509 cert 'Canonical Ltd. Secure Boot Signing (Ubuntu Core 2019): c1d57b8f6b743f23ee41f4f7ee292f06eecadfb9'
[    1.421031] zswap: loaded using pool lzo/zbud
[    1.430895] Key type big_key registered
[    1.433693] Key type trusted registered
[    1.439063] Key type encrypted registered
[    1.441995] AppArmor: AppArmor sha1 policy hashing enabled
[    1.445800] ima: No TPM chip found, activating TPM-bypass! (rc=-19)
[    1.449999] ima: Allocated hash algorithm: sha1
[    1.453172] evm: HMAC attrs: 0x1
[    1.455914]   Magic number: 13:129:349
[    1.459088] rtc_cmos rtc_cmos: setting system clock to 2025-02-22 21:18:21 UTC (1740259101)
[    1.464943] BIOS EDD facility v0.16 2004-Jun-25, 0 devices found
[    1.469096] EDD information not available.
[    1.473538] Freeing unused kernel image memory: 2480K
[    1.500048] Write protecting the kernel read-only data: 20480k
[    1.505065] Freeing unused kernel image memory: 2008K
[    1.508691] Freeing unused kernel image memory: 1820K
[    1.514897] x86/mm: Checked W+X mappings: passed, no W+X pages found.
Loading, please wait...
starting version 237
[    1.578055] e1000: Intel(R) PRO/1000 Network Driver - version 7.3.21-k8-NAPI
[    1.582785] e1000: Copyright (c) 1999-2006 Intel Corporation.
[    1.588881] Fusion MPT base driver 3.04.20
[    1.591816] Copyright (c) 1999-2008 LSI Corporation
[    1.599284] Fusion MPT SPI Host driver 3.04.20
[    1.615908] SSE version of gcm_enc/dec engaged.
[    1.823802] input: ImExPS/2 Generic Explorer Mouse as /devices/platform/i8042/serio1/input/input4
[    2.159715] e1000 0000:00:03.0 eth0: (PCI:33MHz:32-bit) 02:3b:7b:b7:3b:2d
[    2.164230] e1000 0000:00:03.0 eth0: Intel(R) PRO/1000 Network Connection
[    2.170656] e1000 0000:00:03.0 enp0s3: renamed from eth0
[    2.172134] mptbase: ioc0: Initiating bringup
[    2.966227] ioc0: LSI53C1030 A0: Capabilities={Initiator}
[    3.217694] scsi host2: ioc0: LSI53C1030 A0, FwRev=00000000h, Ports=1, MaxQ=256, IRQ=20
[    3.902442] scsi 2:0:0:0: Direct-Access     VBOX     HARDDISK         1.0  PQ: 0 ANSI: 5
[    3.936370] scsi target2:0:0: Beginning Domain Validation
[    3.943889] scsi target2:0:0: Domain Validation skipping write tests
[    3.947831] scsi target2:0:0: Ending Domain Validation
[    3.951373] scsi target2:0:0: asynchronous
[    3.954863] scsi 2:0:1:0: Direct-Access     VBOX     HARDDISK         1.0  PQ: 0 ANSI: 5
[    4.004620] scsi target2:0:1: Beginning Domain Validation
[    4.012452] scsi target2:0:1: Domain Validation skipping write tests
[    4.016450] scsi target2:0:1: Ending Domain Validation
[    4.020035] scsi target2:0:1: asynchronous
[    4.029629] sd 2:0:0:0: Attached scsi generic sg0 type 0
[    4.033551] sd 2:0:1:0: Attached scsi generic sg1 type 0
[    4.037254] sd 2:0:0:0: [sda] 83886080 512-byte logical blocks: (42.9 GB/40.0 GiB)
[    4.037567] sd 2:0:1:0: [sdb] 20480 512-byte logical blocks: (10.5 MB/10.0 MiB)
[    4.047640] sd 2:0:0:0: [sda] Write Protect is off
[    4.047733] sd 2:0:1:0: [sdb] Write Protect is off
[    4.055372] sd 2:0:1:0: [sdb] Incomplete mode parameter data
[    4.055425] sd 2:0:0:0: [sda] Incomplete mode parameter data
[    4.058858] sd 2:0:1:0: [sdb] Assuming drive cache: write through
[    4.062770] sd 2:0:0:0: [sda] Assuming drive cache: write through
[    4.073740]  sda: sda1
[    4.076913] sd 2:0:1:0: [sdb] Attached SCSI disk
[    4.081616] sd 2:0:0:0: [sda] Attached SCSI disk
Begin: Loading essential drivers ... [    5.994981] raid6: sse2x1   gen() 96055 MB/s
[    6.993377] raid6: sse2x1   xor() 349707 MB/s
[    8.999036] raid6: sse2x2   gen() 405752 MB/s
[    9.997021] raid6: sse2x2   xor() 437823 MB/s
[   11.039980] raid6: sse2x4   gen() 24416 MB/s
[   11.101769] raid6: sse2x4   xor() 10339 MB/s
[   11.104727] raid6: using algorithm sse2x2 gen() 405752 MB/s
[   11.108265] raid6: .... xor() 437823 MB/s, rmw enabled
[   11.111444] raid6: using ssse3x2 recovery algorithm
[   11.116374] xor: measuring software checksum speed
[   11.156071]    prefetch64-sse: 24960.000 MB/sec
[   11.196279]    generic_sse: 23487.000 MB/sec
[   11.199043] xor: using function: prefetch64-sse (24960.000 MB/sec)
[   11.204257] async_tx: api initialized (async)
done.
Begin: Running /scripts/init-premount ... done.
Begin: Mounting root file system ... Begin: Running /scripts/local-top ... done.
Begin: Running /scripts/local-premount ... [   11.242282] Btrfs loaded, crc32c=crc32c-intel
Scanning for Btrfs filesystems
done.
Warning: fsck not present, so skipping root file system
[   11.278990] EXT4-fs (sda1): mounted filesystem with ordered data mode. Opts: (null)
done.
Begin: Running /scripts/local-bottom ... done.
Begin: Running /scripts/init-bottom ... done.
[   11.442539] ip_tables: (C) 2000-2006 Netfilter Core Team
[   11.457765] systemd[1]: systemd 237 running in system mode. (+PAM +AUDIT +SELINUX +IMA +APPARMOR +SMACK +SYSVINIT +UTMP +LIBCRYPTSETUP +GCRYPT +GNUTLS +ACL +XZ +LZ4 +SECCOMP +BLKID +ELFUTILS +KMOD -IDN2 +IDN -PCRE2 default-hierarchy=hybrid)
[   11.470922] systemd[1]: Detected virtualization oracle.
[   11.474252] systemd[1]: Detected architecture x86-64.

Welcome to [1mUbuntu 18.04.6 LTS[0m!

[   11.497636] systemd[1]: Set hostname to <ubuntu>.
[   11.505608] systemd[1]: Initializing machine ID from random generator.
[   11.509757] systemd[1]: Installed transient /etc/machine-id file.
[   11.769314] systemd[1]: Reached target User and Group Name Lookups.
[[0;32m  OK  [0m] Reached target User and Group Name Lookups.
[   11.776329] systemd[1]: Started Forward Password Requests to Wall Directory Watch.
[[0;32m  OK  [0m] Started Forward Password Requests to Wall Directory Watch.
[   11.784501] systemd[1]: Reached target System Time Synchronized.
[[0;32m  OK  [0m] Reached target System Time Synchronized.
[   11.798377] systemd[1]: Created slice System Slice.
[[0;32m  OK  [0m] Created slice System Slice.
[[0;32m  OK  [0m] Listening on LVM2 poll daemon socket.
[[0;32m  OK  [0m] Listening on udev Kernel Socket.
[[0;32m  OK  [0m] Listening on udev Control Socket.
[[0;32m  OK  [0m] Listening on fsck to fsckd communication Socket.
[[0;32m  OK  [0m] Listening on Device-mapper event daemon FIFOs.
[[0;32m  OK  [0m] Listening on Syslog Socket.
[[0;32m  OK  [0m] Listening on /dev/initctl Compatibility Named Pipe.
[[0;32m  OK  [0m] Listening on Journal Socket.
         Mounting Kernel Debug File System...
         Mounting Huge Pages File System...
         Starting Load Kernel Modules...
         Mounting POSIX Message Queue File System...
         Starting udev Coldplug all Devices...
[[0;32m  OK  [0m] Listening on Journal Audit Socket.
         Starting File System Check on Root Device...
[   11.850441] Loading iSCSI transport class v2.0-870.
[[0;32m  OK  [0m] Listening on Network Service Netlink Socket.
[[0;32m  OK  [0m] Listening on Journal Socket (/dev/log).
[[   11.861616] iscsi: registered transport (tcp)
[0;32m  OK  [0m] Reached target Mounting snaps.
[[0;32m  OK  [0m] Created slice system-serial\x2dgetty.slice.
         Starting Set the console keyboard layout...
         Starting Create list of required st…ce nodes for the current kernel...
[[0;32m  OK  [0m] Reached target Swap.
[[0;32m  OK  [0m] Listening on LVM2 metadata daemon socket.
         Starting Monitoring of LVM2 mirrors…ng dmeventd or progress polling...
[[0;32m  OK  [0m] Set up automount Arbitrary Executab…rmats File System Automount Point.
[   11.910433] iscsi: registered transport (iser)
         Starting Journal Service...
         Starting Uncomplicated firewall...
[[0;32m  OK  [0m] Created slice User and Session Slice.
[[0;32m  OK  [0m] Reached target Slices.
[[0;32m  OK  [0m] Reached target Mounted snaps.
[[0;32m  OK  [0m] Mounted Kernel Debug File System.
[[0;32m  OK  [0m] Mounted Huge Pages File System.
[[0;32m  OK  [0m] Started Load Kernel Modules.
[[0;32m  OK  [0m] Mounted POSIX Message Queue File System.
[[0;32m  OK  [0m] Started File System Check on Root Device.
[[0;32m  OK  [0m] Started Journal Service.
[[0;32m  OK  [0m] Started Create list of required sta…vice nodes for the current kernel.
[[0;32m  OK  [0m] Started Uncomplicated firewall.
[[0;32m  OK  [0m] Started File System Check Daemon to report status.
[[0;32m  OK  [0m] Started LVM2 metadata daemon.
         Starting Create Static Device Nodes in /dev...
         Starting Remount Root and Kernel File Systems...
         Starting Apply Kernel Variables...
         Mounting Kernel Configuration File System...
         Mounting FUSE Control File System...
[[0;32m  OK  [0m] Mounted Kernel Configuration File System.
[[0;32m  OK  [0m] Mounted FUSE Control File System.
[[0;32m  OK  [0m] Started udev Coldplug all Devices.
[[0;32m  OK  [0m] Started Create Static Device Nodes in /dev.
[[0;32m  OK  [0m] Started Remount Root and Kernel File Systems.
         Starting Load/Save Random Seed...
         Starting udev Kernel Device Manager...
         Starting Flush Journal to Persistent Storage...
[[0;32m  OK  [0m] Started Monitoring of LVM2 mirrors,…sing dmeventd or progress polling.
[[0;32m  OK  [0m] Started Apply Kernel Variables.
[[0;32m  OK  [0m] Started Load/Save Random Seed.
[[0;32m  OK  [0m] Started udev Kernel Device Manager.
[[0;32m  OK  [0m] Started Flush Journal to Persistent Storage.
[[0;32m  OK  [0m] Found device /dev/ttyS0.
[[0;32m  OK  [0m] Listening on Load/Save RF Kill Switch Status /dev/rfkill Watch.
[[0;32m  OK  [0m] Started Set the console keyboard layout.
[[0;32m  OK  [0m] Reached target Local File Systems (Pre).
[[0;32m  OK  [0m] Reached target Local File Systems.
         Starting Commit a transient machine-id on disk...
         Starting Tell Plymouth To Write Out Runtime Data...
         Starting Create Volatile Files and Directories...
         Starting ebtables ruleset management...
         Starting Set console font and keymap...
         Starting AppArmor initialization...
[[0;32m  OK  [0m] Started Dispatch Password Requests to Console Directory Watch.
[[0;32m  OK  [0m] Reached target Local Encrypted Volumes.
[[0;32m  OK  [0m] Started Tell Plymouth To Write Out Runtime Data.
[[0;32m  OK  [0m] Started Create Volatile Files and Directories.
         Starting Update UTMP about System Boot/Shutdown...
[[0;32m  OK  [0m] Started Update UTMP about System Boot/Shutdown.
[[0;32m  OK  [0m] Started Commit a transient machine-id on disk.
         Mounting Arbitrary Executable File Formats File System...
[[0;32m  OK  [0m] Mounted Arbitrary Executable File Formats File System.
[[0;32m  OK  [0m] Started ebtables ruleset management.
[[0;32m  OK  [0m] Started AppArmor initialization.
         Starting Load AppArmor profiles managed internally by snapd...
         Starting Initial cloud-init job (pre-networking)...
[[0;32m  OK  [0m] Started Load AppArmor profiles managed internally by snapd.
[[0;32m  OK  [0m] Started Set console font and keymap.
[   14.256476] cloud-init[792]: Cloud-init v. 23.1.2-0ubuntu0~18.04.1 running 'init-local' at Sat, 22 Feb 2025 21:18:34 +0000. Up 14.04 seconds.
[[0;32m  OK  [0m] Started Initial cloud-init job (pre-networking).
[[0;32m  OK  [0m] Reached target Network (Pre).
         Starting Network Service...
[[0;32m  OK  [0m] Started Network Service.
         Starting Wait for Network to be Configured...
         Starting Network Name Resolution...
[[0;32m  OK  [0m] Started Network Name Resolution.
[[0;32m  OK  [0m] Reached target Network.
[[0;32m  OK  [0m] Reached target Host and Network Name Lookups.
[[0;32m  OK  [0m] Started Wait for Network to be Configured.
         Starting Initial cloud-init job (metadata service crawler)...
[   16.179743] cloud-init[930]: Cloud-init v. 23.1.2-0ubuntu0~18.04.1 running 'init' at Sat, 22 Feb 2025 21:18:36 +0000. Up 16.11 seconds.
[   16.183541] cloud-init[930]: ci-info: ++++++++++++++++++++++++++++++++++++++Net device info++++++++++++++++++++++++++++++++++++++
[   16.186344] cloud-init[930]: ci-info: +--------+------+----------------------------+---------------+--------+-------------------+
[   16.189244] cloud-init[930]: ci-info: | Device |  Up  |          Address           |      Mask     | Scope  |     Hw-Address    |
[   16.192317] cloud-init[930]: ci-info: +--------+------+----------------------------+---------------+--------+-------------------+
[   16.195193] cloud-init[930]: ci-info: | enp0s3 | True |         10.0.2.15          | 255.255.255.0 | global | 02:3b:7b:b7:3b:2d |
[   16.198298] cloud-init[930]: ci-info: | enp0s3 | True | fd00::3b:7bff:feb7:3b2d/64 |       .       | global | 02:3b:7b:b7:3b:2d |
[   16.201263] cloud-init[930]: ci-info: | enp0s3 | True | fe80::3b:7bff:feb7:3b2d/64 |       .       |  link  | 02:3b:7b:b7:3b:2d |
[   16.204166] cloud-init[930]: ci-info: |   lo   | True |         127.0.0.1          |   255.0.0.0   |  host  |         .         |
[   16.207184] cloud-init[930]: ci-info: |   lo   | True |          ::1/128           |       .       |  host  |         .         |
[   16.210107] cloud-init[930]: ci-info: +--------+------+----------------------------+---------------+--------+-------------------+
[   16.212992] cloud-init[930]: ci-info: ++++++++++++++++++++++++++++Route IPv4 info+++++++++++++++++++++++++++++
[   16.215508] cloud-init[930]: ci-info: +-------+-------------+----------+-----------------+-----------+-------+
[   16.218711] cloud-init[930]: ci-info: | Route | Destination | Gateway  |     Genmask     | Interface | Flags |
[   16.221503] cloud-init[930]: ci-info: +-------+-------------+----------+-----------------+-----------+-------+
[   16.224169] cloud-init[930]: ci-info: |   0   |   0.0.0.0   | 10.0.2.2 |     0.0.0.0     |   enp0s3  |   UG  |
[   16.226678] cloud-init[930]: ci-info: |   1   |   10.0.2.0  | 0.0.0.0  |  255.255.255.0  |   enp0s3  |   U   |
[   16.229312] cloud-init[930]: ci-info: |   2   |   10.0.2.2  | 0.0.0.0  | 255.255.255.255 |   enp0s3  |   UH  |
[   16.232228] cloud-init[930]: ci-info: +-------+-------------+----------+-----------------+-----------+-------+
[   16.234694] cloud-init[930]: ci-info: +++++++++++++++++++Route IPv6 info+++++++++++++++++++
[   16.236873] cloud-init[930]: ci-info: +-------+-------------+---------+-----------+-------+
[   16.238997] cloud-init[930]: ci-info: | Route | Destination | Gateway | Interface | Flags |
[   16.241103] cloud-init[930]: ci-info: +-------+-------------+---------+-----------+-------+
[   16.243211] cloud-init[930]: ci-info: |   1   |  fd00::/64  |    ::   |   enp0s3  |   U   |
[   16.245254] cloud-init[930]: ci-info: |   2   |  fe80::/64  |    ::   |   enp0s3  |   U   |
[   16.247602] cloud-init[930]: ci-info: |   3   |     ::/0    | fe80::2 |   enp0s3  |   UG  |
[   16.249866] cloud-init[930]: ci-info: |   5   |    local    |    ::   |   enp0s3  |   U   |
[   16.251998] cloud-init[930]: ci-info: |   6   |   ff00::/8  |    ::   |   enp0s3  |   U   |
[   16.254189] cloud-init[930]: ci-info: +-------+-------------+---------+-----------+-------+
[   16.931403] cloud-init[930]: Generating public/private rsa key pair.
[   16.933437] cloud-init[930]: Your identification has been saved in /etc/ssh/ssh_host_rsa_key.
[   16.937052] cloud-init[930]: Your public key has been saved in /etc/ssh/ssh_host_rsa_key.pub.
[   16.940857] cloud-init[930]: The key fingerprint is:
[   16.943732] cloud-init[930]: SHA256:b0SnR97l6H/KLovNDweuN8CpC6kAA/7/0D4cZ4pe86E root@ubuntu-bionic
[   16.947483] cloud-init[930]: The key's randomart image is:
[   16.950448] cloud-init[[0;32m  OK  [0m] Started Initial cloud-init job (metadata service crawler).
[[0;32m  OK  [0m] Reached target Cloud-config availability.
[[0;32m  OK  [0m] Reached target System Initialization.
[[0;32m  OK  [0m] Started Ubuntu Advantage Timer for running repeated jobs.
[[0;32m  OK  [0m] Started Daily apt download activities.
[[0;32m  OK  [0m] Listening on D-Bus System Message Bus Socket.
[[0;32m  OK  [0m] Listening on ACPID Listen Socket.
[[0;32m  OK  [0m] Started Discard unused blocks once a week.
[[0;32m  OK  [0m] Started Daily apt upgrade and clean activities.
[[0;32m  OK  [0m] Started Message of the Day.
         Starting Socket activation for snappy daemon.
[[0;32m  OK  [0m] Listening on cloud-init hotplug hook socket.
         Starting LXD - unix socket.
[[0;32m  OK  [0m] Listening on UUID daemon activation socket.
[[0;32m  OK  [0m] Listening on Open-iSCSI iscsid Socket.
[[0;32m  OK  [0m] Started ACPI Events Check.
[[0;32m  OK  [0m] Reached target Paths.
[[0;32m  OK  [0m] Started Daily Cleanup of Temporary Directories.
[[0;32m  OK  [0m] Reached target Timers.
[[0;32m  OK  [0m] Reached target Network is Online.
         Starting Availability of block devices...
[[0;32m  OK  [0m] Reached target Remote File Systems (Pre).
[[0;32m  OK  [0m] Reached target Remote File Systems.
[[0;32m  OK  [0m] Listening on Socket activation for snappy daemon.
[[0;32m  OK  [0m] Listening on LXD - unix socket.
[[0;32m  OK  [0m] Started Availability of block devices.
[[0;32m  OK  [0m] Reached target Sockets.
[[0;32m  OK  [0m] Reached target Basic System.
[[0;32m  OK  [0m] Started FUSE filesystem for LXC.
         Starting Accounts Service...
[930]: +---[RSA 2048]----+
         Starting Login Service...
[   16.992429] cloud-init[930]: |                 |
[   16.997749] cloud-init[930]: |                 |
[   17.004256] cloud-init[930]: |.         . o   .|[[0;32m  OK  [0m] Started Regular background program processing daemon.
         Starting Dispatcher daemon for systemd-networkd...
         Starting Snap Daemon...
[[0;32m  OK  [0m] Started D-Bus System Message Bus.

[   17.013777] cloud-init[930]: |o        . = . + |
[   17.017397] cloud-init[930]: |o.      S.o.+ o .|
[   17.021268] cloud-init[930]: | o.   .o =+o o   |
[   17.025772] cloud-init[930]: |  .. .=+=oo.o o  |
[   17.029607] cloud-init[930]: |   ..o+==..=++ ..|
[   17.032448] cloud-init[930]: |    oo.Eooo.+*=.o|
[   17.035115] cloud-init[930]: +----[SHA256]-----+
[   17.037937] cloud-init[930]: Generating public/private dsa key pair.
[   17.042528] cloud-init[930]: Your identification has been saved in /etc/ssh/ssh_host_dsa_key.
[   17.046342] cloud-init[930]: Your public key has been saved in /etc/ssh/ssh_host_dsa_key.pub.
[   17.050654] cloud-init[930]: The key fingerprint is:
[   17.054495] cloud-init[930]: SHA256:Eqlibq+ybQpqkDI69L/X4ZrdxEGzOype4u7+Hm3Fv6E root@ubuntu-bionic
         Starting System Logging Service...
[   17.060747] cloud-init[930]: The key's randomart image is:
[   17.064683] cloud-init[930]: +---[DSA 1024]----+
[   17.067750] cloud-init[930]: |                 |
[   17.071097] cloud-init[930]: |       .         |
[   17.074212] cloud-init[930]: |      o    o     |
[   17.077225] cloud-init[930]: |     . .  . +    |
[   17.080235] cloud-init[930]: | .o . . S  o o   |
[   17.083889] cloud-init[930]: |=+ .   . .o + .  |
[   17.086878] cloud-init[930]: |*.+    .oo.B   o |
[   17.089774] cloud-init[930]: |*+.o  .o=o* . . o|
[   17.093011] cloud-init[930]: |=*o.ooBO== . E . |
[   17.096419] cloud-init[930]: +----[SHA256]-----+
[   17.099821] cloud-init[930]: Generating public/private ecdsa key pair.
[   17.101902] cloud-init[930]: Your identification has been saved in /etc/ssh/ssh_host_ecdsa_key.
[   17.104579] cloud-init[930]: Your public key has been saved in /etc/ssh/ssh_host_ecdsa_key.pub.
[   17.106797] cloud-init[930]: The key fingerprint is:
[   17.108328] cloud-init[930]: SHA256:WrMPzBl7Oyrf0uGBwYpfWs4yAyfWm51lKbpT7O9xMQ4 root@ubuntu-bionic
[   17.110729] cloud-init[930]: The key's randomart image is:
[   17.112267] cloud-init[930]: +---[ECDSA 256]---+
[   17.113668] cloud-init[930]: |                 |
[   17.115321] cloud-init[930]: |                 |
[   17.116635] cloud-init[930]: |       .         |
[   17.117861] cloud-init[930]: |        o        |
[   17.119364] cloud-init[930]: |     o oSoE.o    |
[   17.120629] cloud-init[930]: |    = +=B**o o   |
[   17.121864] cloud-init[930]: |   . =.&BBooo    |
[   17.125000] cloud-init[930]: |      % B=++     |
[   17.127804] cloud-init[930]: |      .Oo=*.     |
[   17.130959]          Starting Pollinate to seed the pseudo random number generator...
         Starting LXD - container startup/shutdown...
[[0;32m  OK  [0m] Started irqbalance daemon.
[[0;32m  OK  [0m] Started Deferred execution scheduler.
         Starting LSB: automatic crash report generation...
         Starting Permit User Sessions...
         Starting LSB: Record successful boot for GRUB...
cloud-init         Starting Virtualbox guest utils...
[[0;32m  OK  [0m] Reached target Login Prompts (Pre).
[930]: +----[SHA256]-----+
[   17.152870] cloud-init[930]: Generating public/private ed25519 key pair.
[   17.156540] cloud-init[930]: Your identification has been saved in /etc/ssh/ssh_host_ed25519_key.
[   17.160696] cloud-init[930]: Your public key has been saved in /etc/ssh/ssh_host_ed25519_key.pub.
[   17.169573] cloud-init[930]: The key fingerprint is:
[   17.173594] cloud-init[930]: SHA256:pW4oIEQq9hq9kEFQojXYcPnPhZmH5a17BgzrtYzA+vY root@ubuntu-bionic
[   17.177410] cloud-init[930]: The key's randomart image is:
[[0;32m  OK  [0m] Started Login Service.
[   17.181601] cloud-init         Starting Authorization Manager...
[[0;32m  OK  [0m] Started Unattended Upgrades Shutdown.
         Starting Hostname Service...
[930]: +--[ED25519 256]--+
[   17.192546] cloud-init[930]: |=B=.             |
[   17.195598] cloud-init[930]: |*+o.    .        |
[   17.198622] cloud-init[930]: |++ .   B ..      |
[   17.201515] cloud-init[930]: |+ = . * +o.      |
[   17.205067] cloud-init[930]: |.+.+ o *S.       |
[   17.208078] cloud-init[930]: | .+.+ +o=        |
[   17.210966] cloud-init[930]: | . o.o.+o+       |
[   17.215079] cloud-init[930]: |  . ..o.+ o      |
[   17.220832] cloud-init[930]: |   o..E  o       |
[   17.223922] cloud-init[930]: +----[SHA256]-----+
[[0;32m  OK  [0m] Started Permit User Sessions.
         Starting Terminate Plymouth Boot Screen...
         Starting Hold until boot process finishes up...
[[0;32m  OK  [0m] Started Hold until boot process finishes up.
         Starting Set console scheme...
[[0;32m  OK  [0m] Started Serial Getty on ttyS0.
[[0;32m  OK  [0m] Started Terminate Plymouth Boot Screen.
[[0;32m  OK  [0m] Started System Logging Service.
[[0;32m  OK  [0m] Started Authorization Manager.
[[0;32m  OK  [0m] Started Accounts Service.
[[0;32m  OK  [0m] Started Set console scheme.
[[0;32m  OK  [0m] Created slice system-getty.slice.
[[0;32m  OK  [0m] Started Getty on tty1.
[[0;32m  OK  [0m] Reached target Login Prompts.
[[0;32m  OK  [0m] Started Hostname Service.
[[0;32m  OK  [0m] Started LSB: automatic crash report generation.
[[0;32m  OK  [0m] Started LSB: Record successful boot for GRUB.
[[0;32m  OK  [0m] Started Virtualbox guest utils.
[[0;32m  OK  [0m] Started LXD - container startup/shutdown.
[[0;32m  OK  [0m] Started Dispatcher daemon for systemd-networkd.
[[0;32m  OK  [0m] Started Snap Daemon.
         Starting Wait until snapd is fully seeded...
[[0;32m  OK  [0m] Started Pollinate to seed the pseudo random number generator.
         Starting OpenBSD Secure Shell server...
[[0;32m  OK  [0m] Started OpenBSD Secure Shell server.
[[0;32m  OK  [0m] Created slice User Slice of vagrant.
         Starting User Manager for UID 1000...
[[0;32m  OK  [0m] Started Session 1 of user vagrant.
[[0;32m  OK  [0m] Started User Manager for UID 1000.
         Starting Time & Date Service...
[[0;32m  OK  [0m] Started Time & Date Service.
[[0;32m  OK  [0m] Started Wait until snapd is fully seeded.
         Starting Apply the settings specified in cloud-config...
[   20.644687] cloud-init[1632]: Cloud-init v. 23.1.2-0ubuntu0~18.04.1 running 'modules:config' at Sat, 22 Feb 2025 21:18:40 +0000. Up 20.43 seconds.
[[0;32m  OK  [0m] Started Apply the settings specified in cloud-config.
[[0;32m  OK  [0m] Reached target Multi-User System.
[[0;32m  OK  [0m] Reached target Graphical Interface.
         Starting Update UTMP about System Runlevel Changes...
         Starting Execute cloud user/final scripts...
[[0;32m  OK  [0m] Started Update UTMP about System Runlevel Changes.
ci-info: no authorized SSH keys fingerprints found for user ubuntu.
<14>Feb 22 21:18:40 cloud-init: #############################################################
<14>Feb 22 21:18:40 cloud-init: -----BEGIN SSH HOST KEY FINGERPRINTS-----
<14>Feb 22 21:18:40 cloud-init: 1024 SHA256:Eqlibq+ybQpqkDI69L/X4ZrdxEGzOype4u7+Hm3Fv6E root@ubuntu-bionic (DSA)
<14>Feb 22 21:18:40 cloud-init: 256 SHA256:WrMPzBl7Oyrf0uGBwYpfWs4yAyfWm51lKbpT7O9xMQ4 root@ubuntu-bionic (ECDSA)
<14>Feb 22 21:18:40 cloud-init: 256 SHA256:pW4oIEQq9hq9kEFQojXYcPnPhZmH5a17BgzrtYzA+vY root@ubuntu-bionic (ED25519)
<14>Feb 22 21:18:40 cloud-init: 2048 SHA256:b0SnR97l6H/KLovNDweuN8CpC6kAA/7/0D4cZ4pe86E root@ubuntu-bionic (RSA)
<14>Feb 22 21:18:40 cloud-init: -----END SSH HOST KEY FINGERPRINTS-----
<14>Feb 22 21:18:40 cloud-init: #############################################################
-----BEGIN SSH HOST KEY KEYS-----
ecdsa-sha2-nistp256 AAAAE2VjZHNhLXNoYTItbmlzdHAyNTYAAAAIbmlzdHAyNTYAAABBBJ6ixSxPe1nMZOGVrCY+I8kgHihYXPsJH2cinPAj+SHhqimkjYmYC9TxDXlzS+us/QoJs1h20dc9AL1WcLs76CI= root@ubuntu-bionic
ssh-ed25519 AAAAC3NzaC1lZDI1NTE5AAAAIGb0x3vpNeaCwJlQAG/CxlnbPS1m0DDlyU5HNcvwtbty root@ubuntu-bionic
ssh-rsa AAAAB3NzaC1yc2EAAAADAQABAAABAQC61cy2VWkcukPEXcgIaB+n6nYrY5x9npTk1R9AJE8FNs8LimSMwr19M+HyFrf1xQOcKQ5c27qMidwyizpCapTsaWh4xTi5wbwgO7oTqMwlVlcvTFa6F1fv0iBJfLAtlzTEpNq/BefuR6fSZ/b9X52gZgaBILX4iY27a/aGwq4u+UCDHz5ZynHANds75oWYGOI8INeh3HzXAeOLhH+Rdww6k0l+NREuM8jcomNAro83Wldiskdj3ckJ/6iCnRl6dPn7onrgXm6UYBQRjaQsVCQ/qfyQ0ZnVcpumv73q+g3M2+IJuRn/aOa9hdusoFtBpieZB/yJXpgOKcw5RF+bXGQV root@ubuntu-bionic
-----END SSH HOST KEY KEYS-----
[   20.983024] cloud-init[1742]: Cloud-init v. 23.1.2-0ubuntu0~18.04.1 running 'modules:final' at Sat, 22 Feb 2025 21:18:40 +0000. Up 20.86 seconds.
[   20.986308] cloud-init[1742]: Cloud-init v. 23.1.2-0ubuntu0~18.04.1 finished at Sat, 22 Feb 2025 21:18:41 +0000. Datasource DataSourceNoCloud [seed=/dev/sdb][dsmode=net].  Up 20.97 seconds
[[0;32m  OK  [0m] Started Execute cloud user/final scripts.
[[0;32m  OK  [0m] Reached target Cloud-init target.

Ubuntu 18.04.6 LTS ubuntu-bionic ttyS0

ubuntu-bionic login: 